2020-03-10 22:53:05.392 [main] INFO  org.jeecg.JeecgApplication:50 - Starting JeecgApplication on LAPTOP-NNQ6HHHS with PID 25164 (D:\gjh\jeecg\jeecg-boot-master\jeecg-boot\jeecg-boot-module-system\target\classes started by lenovo in D:\gjh\jeecg\jeecg-boot-master\jeecg-boot)
2020-03-10 22:53:05.396 [main] INFO  org.jeecg.JeecgApplication:679 - The following profiles are active: dev
2020-03-10 22:53:08.570 [main] INFO  o.s.d.r.config.RepositoryConfigurationDelegate:244 - Multiple Spring Data modules found, entering strict repository configuration mode!
2020-03-10 22:53:08.576 [main] INFO  o.s.d.r.config.RepositoryConfigurationDelegate:126 - Bootstrapping Spring Data repositories in DEFAULT mode.
2020-03-10 22:53:08.756 [main] INFO  o.s.d.r.config.RepositoryConfigurationDelegate:182 - Finished Spring Data repository scanning in 144ms. Found 0 repository interfaces.
2020-03-10 22:53:09.228 [main] INFO  o.s.c.s.PostProcessorRegistrationDelegate$BeanPostProcessorChecker:330 - Bean 'shiroConfig' of type [org.jeecg.config.ShiroConfig$$EnhancerBySpringCGLIB$$afa9665e] is not eligible for getting processed by all BeanPostProcessors (for example: not eligible for auto-proxying)
2020-03-10 22:53:09.323 [main] INFO  o.s.c.s.PostProcessorRegistrationDelegate$BeanPostProcessorChecker:330 - Bean 'shiroRealm' of type [org.jeecg.modules.shiro.authc.ShiroRealm] is not eligible for getting processed by all BeanPostProcessors (for example: not eligible for auto-proxying)
2020-03-10 22:53:10.111 [main] INFO  org.jeecg.config.ShiroConfig:188 - ===============(1)创建缓存管理器RedisCacheManager
2020-03-10 22:53:10.113 [main] INFO  org.jeecg.config.ShiroConfig:206 - ===============(2)创建RedisManager,连接Redis..URL= 127.0.0.1:6379
2020-03-10 22:53:10.116 [main] INFO  o.s.c.s.PostProcessorRegistrationDelegate$BeanPostProcessorChecker:330 - Bean 'redisManager' of type [org.crazycake.shiro.RedisManager] is not eligible for getting processed by all BeanPostProcessors (for example: not eligible for auto-proxying)
2020-03-10 22:53:10.121 [main] INFO  o.s.c.s.PostProcessorRegistrationDelegate$BeanPostProcessorChecker:330 - Bean 'securityManager' of type [org.apache.shiro.web.mgt.DefaultWebSecurityManager] is not eligible for getting processed by all BeanPostProcessors (for example: not eligible for auto-proxying)
2020-03-10 22:53:10.158 [main] INFO  o.s.c.s.PostProcessorRegistrationDelegate$BeanPostProcessorChecker:330 - Bean 'authorizationAttributeSourceAdvisor' of type [org.apache.shiro.spring.security.interceptor.AuthorizationAttributeSourceAdvisor] is not eligible for getting processed by all BeanPostProcessors (for example: not eligible for auto-proxying)
2020-03-10 22:53:10.267 [main] INFO  o.s.c.s.PostProcessorRegistrationDelegate$BeanPostProcessorChecker:330 - Bean 'org.springframework.transaction.annotation.ProxyTransactionManagementConfiguration' of type [org.springframework.transaction.annotation.ProxyTransactionManagementConfiguration$$EnhancerBySpringCGLIB$$8fa3fcc8] is not eligible for getting processed by all BeanPostProcessors (for example: not eligible for auto-proxying)
2020-03-10 22:53:10.472 [main] INFO  o.s.c.s.PostProcessorRegistrationDelegate$BeanPostProcessorChecker:330 - Bean 'spring.datasource.dynamic-com.baomidou.dynamic.datasource.spring.boot.autoconfigure.DynamicDataSourceProperties' of type [com.baomidou.dynamic.datasource.spring.boot.autoconfigure.DynamicDataSourceProperties] is not eligible for getting processed by all BeanPostProcessors (for example: not eligible for auto-proxying)
2020-03-10 22:53:10.484 [main] INFO  o.s.c.s.PostProcessorRegistrationDelegate$BeanPostProcessorChecker:330 - Bean 'com.baomidou.dynamic.datasource.spring.boot.autoconfigure.DynamicDataSourceAutoConfiguration' of type [com.baomidou.dynamic.datasource.spring.boot.autoconfigure.DynamicDataSourceAutoConfiguration$$EnhancerBySpringCGLIB$$f9326d99] is not eligible for getting processed by all BeanPostProcessors (for example: not eligible for auto-proxying)
2020-03-10 22:53:10.499 [main] INFO  o.s.c.s.PostProcessorRegistrationDelegate$BeanPostProcessorChecker:330 - Bean 'dsProcessor' of type [com.baomidou.dynamic.datasource.processor.DsHeaderProcessor] is not eligible for getting processed by all BeanPostProcessors (for example: not eligible for auto-proxying)
2020-03-10 22:53:10.513 [main] INFO  o.s.c.s.PostProcessorRegistrationDelegate$BeanPostProcessorChecker:330 - Bean 'dynamicDatasourceAnnotationAdvisor' of type [com.baomidou.dynamic.datasource.aop.DynamicDataSourceAnnotationAdvisor] is not eligible for getting processed by all BeanPostProcessors (for example: not eligible for auto-proxying)
2020-03-10 22:53:10.543 [main] INFO  o.s.c.s.PostProcessorRegistrationDelegate$BeanPostProcessorChecker:330 - Bean 'spring.redis-org.springframework.boot.autoconfigure.data.redis.RedisProperties' of type [org.springframework.boot.autoconfigure.data.redis.RedisProperties] is not eligible for getting processed by all BeanPostProcessors (for example: not eligible for auto-proxying)
2020-03-10 22:53:10.557 [main] INFO  o.s.c.s.PostProcessorRegistrationDelegate$BeanPostProcessorChecker:330 - Bean 'org.springframework.boot.autoconfigure.data.redis.LettuceConnectionConfiguration' of type [org.springframework.boot.autoconfigure.data.redis.LettuceConnectionConfiguration$$EnhancerBySpringCGLIB$$a4bdbb12] is not eligible for getting processed by all BeanPostProcessors (for example: not eligible for auto-proxying)
2020-03-10 22:53:10.725 [main] INFO  o.s.c.s.PostProcessorRegistrationDelegate$BeanPostProcessorChecker:330 - Bean 'lettuceClientResources' of type [io.lettuce.core.resource.DefaultClientResources] is not eligible for getting processed by all BeanPostProcessors (for example: not eligible for auto-proxying)
2020-03-10 22:53:10.835 [main] INFO  o.s.c.s.PostProcessorRegistrationDelegate$BeanPostProcessorChecker:330 - Bean 'redisConnectionFactory' of type [org.springframework.data.redis.connection.lettuce.LettuceConnectionFactory] is not eligible for getting processed by all BeanPostProcessors (for example: not eligible for auto-proxying)
2020-03-10 22:53:10.859 [main] INFO  o.s.c.s.PostProcessorRegistrationDelegate$BeanPostProcessorChecker:330 - Bean 'redisConfig' of type [org.jeecg.config.RedisConfig$$EnhancerBySpringCGLIB$$fa77eda8] is not eligible for getting processed by all BeanPostProcessors (for example: not eligible for auto-proxying)
2020-03-10 22:53:10.895 [main] INFO  o.s.c.s.PostProcessorRegistrationDelegate$BeanPostProcessorChecker:330 - Bean 'org.apache.shiro.spring.boot.autoconfigure.ShiroBeanAutoConfiguration' of type [org.apache.shiro.spring.boot.autoconfigure.ShiroBeanAutoConfiguration$$EnhancerBySpringCGLIB$$a2bcda78] is not eligible for getting processed by all BeanPostProcessors (for example: not eligible for auto-proxying)
2020-03-10 22:53:10.901 [main] INFO  o.s.c.s.PostProcessorRegistrationDelegate$BeanPostProcessorChecker:330 - Bean 'eventBus' of type [org.apache.shiro.event.support.DefaultEventBus] is not eligible for getting processed by all BeanPostProcessors (for example: not eligible for auto-proxying)
2020-03-10 22:53:11.695 [main] INFO  o.s.boot.web.embedded.tomcat.TomcatWebServer:90 - Tomcat initialized with port(s): 8080 (http)
2020-03-10 22:53:11.730 [main] INFO  org.apache.coyote.http11.Http11NioProtocol:173 - Initializing ProtocolHandler ["http-nio-8080"]
2020-03-10 22:53:11.758 [main] INFO  org.apache.catalina.core.StandardService:173 - Starting service [Tomcat]
2020-03-10 22:53:11.759 [main] INFO  org.apache.catalina.core.StandardEngine:173 - Starting Servlet engine: [Apache Tomcat/9.0.16]
2020-03-10 22:53:11.777 [main] INFO  org.apache.catalina.core.AprLifecycleListener:173 - The APR based Apache Tomcat Native library which allows optimal performance in production environments was not found on the java.library.path: [C:\Program Files\Java\jdk1.8.0_112\bin;C:\WINDOWS\Sun\Java\bin;C:\WINDOWS\system32;C:\WINDOWS;D:\app\lenovo\product\11.2.0\dbhome_1\bin;C:\Program Files\Java\jdk1.8.0_112\bin;C:\Program Files\Java\jdk1.8.0_112\jre\bin;C:\Program Files (x86)\Intel\iCLS Client\;C:\Program Files\Intel\iCLS Client\;C:\WINDOWS\system32;C:\WINDOWS;C:\WINDOWS\System32\Wbem;C:\WINDOWS\System32\WindowsPowerShell\v1.0\;C:\Program Files (x86)\Intel\Intel(R) Management Engine Components\DAL;C:\Program Files\Intel\Intel(R) Management Engine Components\DAL;C:\Program Files (x86)\Intel\Intel(R) Management Engine Components\IPT;C:\Program Files\Intel\Intel(R) Management Engine Components\IPT;C:\WINDOWS\System32\OpenSSH\;C:\Program Files\MySQL\MySQL Utilities 1.6\;D:\devtool\apache-maven-3.6.0\bin;C:\Program Files\nodejs\;C:\Program Files\MySQL\MySQL Server 5.7\bin;C:\Program Files\Intel\WiFi\bin\;C:\Program Files\Common Files\Intel\WirelessCommon\;C:\Program Files (x86)\Yarn\bin;D:\gjh\videopro\nginx-1.12.2;C:\Program Files\Git\bin;C:\Program Files\Git\mingw64\libexec\git-core;C:\Program Files\TortoiseGit\bin;C:\Users\lenovo\AppData\Local\Microsoft\WindowsApps;D:\tools\WebStorm 2018.3\bin;D:\tools\Microsoft VS Code\bin;C:\Program Files\nodejs\node_global;C:\Users\lenovo\AppData\Local\GitHubDesktop\bin;C:\Users\lenovo\AppData\Local\Yarn\.bin;.]
2020-03-10 22:53:12.245 [main] INFO  o.a.c.c.C.[Tomcat].[localhost].[/jeecg-boot]:173 - Initializing Spring embedded WebApplicationContext
2020-03-10 22:53:12.247 [main] INFO  org.springframework.web.context.ContextLoader:296 - Root WebApplicationContext: initialization completed in 6661 ms
2020-03-10 22:53:13.196 [main] INFO  c.b.dynamic.datasource.DynamicDataSourceCreator:113 - 动态数据源-检测到druid存在,如配置中未指定type,druid会默认配置
2020-03-10 22:53:13.760 [main] INFO  com.alibaba.druid.pool.DruidDataSource:1003 - {dataSource-1,master} inited
2020-03-10 22:53:13.761 [main] INFO  c.b.dynamic.datasource.DynamicRoutingDataSource:203 - 初始共加载 1 个数据源
2020-03-10 22:53:13.762 [main] INFO  c.b.dynamic.datasource.DynamicRoutingDataSource:142 - 动态数据源-加载 master 成功
2020-03-10 22:53:13.762 [main] INFO  c.b.dynamic.datasource.DynamicRoutingDataSource:212 - 当前的默认数据源是单数据源，数据源名为 master
2020-03-10 22:53:17.935 [main] INFO  org.quartz.impl.StdSchedulerFactory:1208 - Using default implementation for ThreadExecutor
2020-03-10 22:53:17.949 [main] INFO  org.quartz.core.SchedulerSignalerImpl:61 - Initialized Scheduler Signaller of type: class org.quartz.core.SchedulerSignalerImpl
2020-03-10 22:53:17.949 [main] INFO  org.quartz.core.QuartzScheduler:229 - Quartz Scheduler v.2.3.0 created.
2020-03-10 22:53:17.954 [main] INFO  o.s.scheduling.quartz.LocalDataSourceJobStore:672 - Using db table-based data access locking (synchronization).
2020-03-10 22:53:17.957 [main] INFO  o.s.scheduling.quartz.LocalDataSourceJobStore:145 - JobStoreCMT initialized.
2020-03-10 22:53:17.958 [main] INFO  org.quartz.core.QuartzScheduler:294 - Scheduler meta-data: Quartz Scheduler (v2.3.0) 'quartzScheduler' with instanceId 'NON_CLUSTERED'
  Scheduler class: 'org.quartz.core.QuartzScheduler' - running locally.
  NOT STARTED.
  Currently in standby mode.
  Number of jobs executed: 0
  Using thread pool 'org.quartz.simpl.SimpleThreadPool' - with 10 threads.
  Using job-store 'org.springframework.scheduling.quartz.LocalDataSourceJobStore' - which supports persistence. and is not clustered.

2020-03-10 22:53:17.958 [main] INFO  org.quartz.impl.StdSchedulerFactory:1362 - Quartz scheduler 'quartzScheduler' initialized from an externally provided properties instance.
2020-03-10 22:53:17.959 [main] INFO  org.quartz.impl.StdSchedulerFactory:1366 - Quartz scheduler version: 2.3.0
2020-03-10 22:53:17.960 [main] INFO  org.quartz.core.QuartzScheduler:2287 - JobFactory set to: org.springframework.scheduling.quartz.SpringBeanJobFactory@552088cc
2020-03-10 22:53:21.489 [main] INFO  o.s.b.actuate.endpoint.web.EndpointLinksResolver:59 - Exposing 2 endpoint(s) beneath base path '/actuator'
2020-03-10 22:53:21.722 [main] INFO  s.d.s.w.PropertySourcedRequestMappingHandlerMapping:69 - Mapped URL path [/v2/api-docs] onto method [public org.springframework.http.ResponseEntity<springfox.documentation.spring.web.json.Json> springfox.documentation.swagger2.web.Swagger2Controller.getDocumentation(java.lang.String,javax.servlet.http.HttpServletRequest)]
2020-03-10 22:53:22.067 [main] INFO  o.s.scheduling.concurrent.ThreadPoolTaskExecutor:171 - Initializing ExecutorService 'applicationTaskExecutor'
2020-03-10 22:53:23.170 [main] INFO  s.d.s.web.plugins.DocumentationPluginsBootstrapper:160 - Context refreshed
2020-03-10 22:53:23.192 [main] INFO  s.d.s.web.plugins.DocumentationPluginsBootstrapper:163 - Found 1 custom documentation plugin(s)
2020-03-10 22:53:23.256 [main] INFO  s.d.spring.web.scanners.ApiListingReferenceScanner:41 - Scanning for api listing references
2020-03-10 22:53:23.526 [main] INFO  s.d.s.w.r.operation.CachingOperationNameGenerator:40 - Generating unique operation named: addUsingPOST_1
2020-03-10 22:53:23.528 [main] INFO  s.d.s.w.r.operation.CachingOperationNameGenerator:40 - Generating unique operation named: deleteUsingDELETE_1
2020-03-10 22:53:23.530 [main] INFO  s.d.s.w.r.operation.CachingOperationNameGenerator:40 - Generating unique operation named: deleteBatchUsingDELETE_1
2020-03-10 22:53:23.533 [main] INFO  s.d.s.w.r.operation.CachingOperationNameGenerator:40 - Generating unique operation named: editUsingPUT_1
2020-03-10 22:53:23.535 [main] INFO  s.d.s.w.r.operation.CachingOperationNameGenerator:40 - Generating unique operation named: queryByIdUsingGET_1
2020-03-10 22:53:23.560 [main] INFO  o.s.scheduling.quartz.SchedulerFactoryBean:726 - Starting Quartz Scheduler now
2020-03-10 22:53:23.756 [main] INFO  o.s.scheduling.quartz.LocalDataSourceJobStore:866 - Freed 0 triggers from 'acquired' / 'blocked' state.
2020-03-10 22:53:23.780 [main] INFO  o.s.scheduling.quartz.LocalDataSourceJobStore:876 - Recovering 0 jobs that were in-progress at the time of the last shut-down.
2020-03-10 22:53:23.781 [main] INFO  o.s.scheduling.quartz.LocalDataSourceJobStore:889 - Recovery complete.
2020-03-10 22:53:23.785 [main] INFO  o.s.scheduling.quartz.LocalDataSourceJobStore:896 - Removed 0 'complete' triggers.
2020-03-10 22:53:23.792 [main] INFO  o.s.scheduling.quartz.LocalDataSourceJobStore:901 - Removed 0 stale fired job entries.
2020-03-10 22:53:23.800 [main] INFO  org.quartz.core.QuartzScheduler:547 - Scheduler quartzScheduler_$_NON_CLUSTERED started.
2020-03-10 22:53:23.833 [main] INFO  org.apache.coyote.http11.Http11NioProtocol:173 - Starting ProtocolHandler ["http-nio-8080"]
2020-03-10 22:53:23.867 [main] INFO  o.s.boot.web.embedded.tomcat.TomcatWebServer:204 - Tomcat started on port(s): 8080 (http) with context path '/jeecg-boot'
2020-03-10 22:53:23.869 [main] INFO  org.jeecg.JeecgApplication:59 - Started JeecgApplication in 21.167 seconds (JVM running for 26.24)
2020-03-10 22:53:25.853 [RMI TCP Connection(3)-169.254.234.235] INFO  o.a.c.c.C.[Tomcat].[localhost].[/jeecg-boot]:173 - Initializing Spring DispatcherServlet 'dispatcherServlet'
2020-03-10 22:53:25.854 [RMI TCP Connection(3)-169.254.234.235] INFO  org.springframework.web.servlet.DispatcherServlet:524 - Initializing Servlet 'dispatcherServlet'
2020-03-10 22:53:25.885 [RMI TCP Connection(3)-169.254.234.235] INFO  org.springframework.web.servlet.DispatcherServlet:546 - Completed initialization in 30 ms
2020-03-10 22:53:26.218 [RMI TCP Connection(1)-169.254.234.235] INFO  io.lettuce.core.EpollProvider:68 - Starting without optional epoll library
2020-03-10 22:53:26.221 [RMI TCP Connection(1)-169.254.234.235] INFO  io.lettuce.core.KqueueProvider:70 - Starting without optional kqueue library
2020-03-10 22:57:31.412 [main] INFO  org.jeecg.JeecgApplication:50 - Starting JeecgApplication on LAPTOP-NNQ6HHHS with PID 20736 (D:\gjh\jeecg\jeecg-boot-master\jeecg-boot\jeecg-boot-module-system\target\classes started by lenovo in D:\gjh\jeecg\jeecg-boot-master\jeecg-boot)
2020-03-10 22:57:31.420 [main] INFO  org.jeecg.JeecgApplication:679 - The following profiles are active: dev
2020-03-10 22:57:34.010 [main] INFO  o.s.d.r.config.RepositoryConfigurationDelegate:244 - Multiple Spring Data modules found, entering strict repository configuration mode!
2020-03-10 22:57:34.014 [main] INFO  o.s.d.r.config.RepositoryConfigurationDelegate:126 - Bootstrapping Spring Data repositories in DEFAULT mode.
2020-03-10 22:57:34.101 [main] INFO  o.s.d.r.config.RepositoryConfigurationDelegate:182 - Finished Spring Data repository scanning in 74ms. Found 0 repository interfaces.
2020-03-10 22:57:34.517 [main] INFO  o.s.c.s.PostProcessorRegistrationDelegate$BeanPostProcessorChecker:330 - Bean 'shiroConfig' of type [org.jeecg.config.ShiroConfig$$EnhancerBySpringCGLIB$$74db5fd9] is not eligible for getting processed by all BeanPostProcessors (for example: not eligible for auto-proxying)
2020-03-10 22:57:34.615 [main] INFO  o.s.c.s.PostProcessorRegistrationDelegate$BeanPostProcessorChecker:330 - Bean 'shiroRealm' of type [org.jeecg.modules.shiro.authc.ShiroRealm] is not eligible for getting processed by all BeanPostProcessors (for example: not eligible for auto-proxying)
2020-03-10 22:57:35.127 [main] INFO  org.jeecg.config.ShiroConfig:188 - ===============(1)创建缓存管理器RedisCacheManager
2020-03-10 22:57:35.129 [main] INFO  org.jeecg.config.ShiroConfig:206 - ===============(2)创建RedisManager,连接Redis..URL= 127.0.0.1:6379
2020-03-10 22:57:35.132 [main] INFO  o.s.c.s.PostProcessorRegistrationDelegate$BeanPostProcessorChecker:330 - Bean 'redisManager' of type [org.crazycake.shiro.RedisManager] is not eligible for getting processed by all BeanPostProcessors (for example: not eligible for auto-proxying)
2020-03-10 22:57:35.273 [main] INFO  o.s.c.s.PostProcessorRegistrationDelegate$BeanPostProcessorChecker:330 - Bean 'securityManager' of type [org.apache.shiro.web.mgt.DefaultWebSecurityManager] is not eligible for getting processed by all BeanPostProcessors (for example: not eligible for auto-proxying)
2020-03-10 22:57:35.302 [main] INFO  o.s.c.s.PostProcessorRegistrationDelegate$BeanPostProcessorChecker:330 - Bean 'authorizationAttributeSourceAdvisor' of type [org.apache.shiro.spring.security.interceptor.AuthorizationAttributeSourceAdvisor] is not eligible for getting processed by all BeanPostProcessors (for example: not eligible for auto-proxying)
2020-03-10 22:57:35.368 [main] INFO  o.s.c.s.PostProcessorRegistrationDelegate$BeanPostProcessorChecker:330 - Bean 'org.springframework.transaction.annotation.ProxyTransactionManagementConfiguration' of type [org.springframework.transaction.annotation.ProxyTransactionManagementConfiguration$$EnhancerBySpringCGLIB$$54d5f643] is not eligible for getting processed by all BeanPostProcessors (for example: not eligible for auto-proxying)
2020-03-10 22:57:35.535 [main] INFO  o.s.c.s.PostProcessorRegistrationDelegate$BeanPostProcessorChecker:330 - Bean 'spring.datasource.dynamic-com.baomidou.dynamic.datasource.spring.boot.autoconfigure.DynamicDataSourceProperties' of type [com.baomidou.dynamic.datasource.spring.boot.autoconfigure.DynamicDataSourceProperties] is not eligible for getting processed by all BeanPostProcessors (for example: not eligible for auto-proxying)
2020-03-10 22:57:35.541 [main] INFO  o.s.c.s.PostProcessorRegistrationDelegate$BeanPostProcessorChecker:330 - Bean 'com.baomidou.dynamic.datasource.spring.boot.autoconfigure.DynamicDataSourceAutoConfiguration' of type [com.baomidou.dynamic.datasource.spring.boot.autoconfigure.DynamicDataSourceAutoConfiguration$$EnhancerBySpringCGLIB$$be646714] is not eligible for getting processed by all BeanPostProcessors (for example: not eligible for auto-proxying)
2020-03-10 22:57:35.554 [main] INFO  o.s.c.s.PostProcessorRegistrationDelegate$BeanPostProcessorChecker:330 - Bean 'dsProcessor' of type [com.baomidou.dynamic.datasource.processor.DsHeaderProcessor] is not eligible for getting processed by all BeanPostProcessors (for example: not eligible for auto-proxying)
2020-03-10 22:57:35.560 [main] INFO  o.s.c.s.PostProcessorRegistrationDelegate$BeanPostProcessorChecker:330 - Bean 'dynamicDatasourceAnnotationAdvisor' of type [com.baomidou.dynamic.datasource.aop.DynamicDataSourceAnnotationAdvisor] is not eligible for getting processed by all BeanPostProcessors (for example: not eligible for auto-proxying)
2020-03-10 22:57:35.590 [main] INFO  o.s.c.s.PostProcessorRegistrationDelegate$BeanPostProcessorChecker:330 - Bean 'spring.redis-org.springframework.boot.autoconfigure.data.redis.RedisProperties' of type [org.springframework.boot.autoconfigure.data.redis.RedisProperties] is not eligible for getting processed by all BeanPostProcessors (for example: not eligible for auto-proxying)
2020-03-10 22:57:35.602 [main] INFO  o.s.c.s.PostProcessorRegistrationDelegate$BeanPostProcessorChecker:330 - Bean 'org.springframework.boot.autoconfigure.data.redis.LettuceConnectionConfiguration' of type [org.springframework.boot.autoconfigure.data.redis.LettuceConnectionConfiguration$$EnhancerBySpringCGLIB$$69efb48d] is not eligible for getting processed by all BeanPostProcessors (for example: not eligible for auto-proxying)
2020-03-10 22:57:35.742 [main] INFO  o.s.c.s.PostProcessorRegistrationDelegate$BeanPostProcessorChecker:330 - Bean 'lettuceClientResources' of type [io.lettuce.core.resource.DefaultClientResources] is not eligible for getting processed by all BeanPostProcessors (for example: not eligible for auto-proxying)
2020-03-10 22:57:35.818 [main] INFO  o.s.c.s.PostProcessorRegistrationDelegate$BeanPostProcessorChecker:330 - Bean 'redisConnectionFactory' of type [org.springframework.data.redis.connection.lettuce.LettuceConnectionFactory] is not eligible for getting processed by all BeanPostProcessors (for example: not eligible for auto-proxying)
2020-03-10 22:57:35.834 [main] INFO  o.s.c.s.PostProcessorRegistrationDelegate$BeanPostProcessorChecker:330 - Bean 'redisConfig' of type [org.jeecg.config.RedisConfig$$EnhancerBySpringCGLIB$$bfa9e723] is not eligible for getting processed by all BeanPostProcessors (for example: not eligible for auto-proxying)
2020-03-10 22:57:35.869 [main] INFO  o.s.c.s.PostProcessorRegistrationDelegate$BeanPostProcessorChecker:330 - Bean 'org.apache.shiro.spring.boot.autoconfigure.ShiroBeanAutoConfiguration' of type [org.apache.shiro.spring.boot.autoconfigure.ShiroBeanAutoConfiguration$$EnhancerBySpringCGLIB$$67eed3f3] is not eligible for getting processed by all BeanPostProcessors (for example: not eligible for auto-proxying)
2020-03-10 22:57:35.875 [main] INFO  o.s.c.s.PostProcessorRegistrationDelegate$BeanPostProcessorChecker:330 - Bean 'eventBus' of type [org.apache.shiro.event.support.DefaultEventBus] is not eligible for getting processed by all BeanPostProcessors (for example: not eligible for auto-proxying)
2020-03-10 22:57:36.275 [main] INFO  o.s.boot.web.embedded.tomcat.TomcatWebServer:90 - Tomcat initialized with port(s): 8080 (http)
2020-03-10 22:57:36.289 [main] INFO  org.apache.coyote.http11.Http11NioProtocol:173 - Initializing ProtocolHandler ["http-nio-8080"]
2020-03-10 22:57:36.298 [main] INFO  org.apache.catalina.core.StandardService:173 - Starting service [Tomcat]
2020-03-10 22:57:36.299 [main] INFO  org.apache.catalina.core.StandardEngine:173 - Starting Servlet engine: [Apache Tomcat/9.0.16]
2020-03-10 22:57:36.304 [main] INFO  org.apache.catalina.core.AprLifecycleListener:173 - The APR based Apache Tomcat Native library which allows optimal performance in production environments was not found on the java.library.path: [C:\Program Files\Java\jdk1.8.0_112\bin;C:\WINDOWS\Sun\Java\bin;C:\WINDOWS\system32;C:\WINDOWS;D:\app\lenovo\product\11.2.0\dbhome_1\bin;C:\Program Files\Java\jdk1.8.0_112\bin;C:\Program Files\Java\jdk1.8.0_112\jre\bin;C:\Program Files (x86)\Intel\iCLS Client\;C:\Program Files\Intel\iCLS Client\;C:\WINDOWS\system32;C:\WINDOWS;C:\WINDOWS\System32\Wbem;C:\WINDOWS\System32\WindowsPowerShell\v1.0\;C:\Program Files (x86)\Intel\Intel(R) Management Engine Components\DAL;C:\Program Files\Intel\Intel(R) Management Engine Components\DAL;C:\Program Files (x86)\Intel\Intel(R) Management Engine Components\IPT;C:\Program Files\Intel\Intel(R) Management Engine Components\IPT;C:\WINDOWS\System32\OpenSSH\;C:\Program Files\MySQL\MySQL Utilities 1.6\;D:\devtool\apache-maven-3.6.0\bin;C:\Program Files\nodejs\;C:\Program Files\MySQL\MySQL Server 5.7\bin;C:\Program Files\Intel\WiFi\bin\;C:\Program Files\Common Files\Intel\WirelessCommon\;C:\Program Files (x86)\Yarn\bin;D:\gjh\videopro\nginx-1.12.2;C:\Program Files\Git\bin;C:\Program Files\Git\mingw64\libexec\git-core;C:\Program Files\TortoiseGit\bin;C:\Users\lenovo\AppData\Local\Microsoft\WindowsApps;D:\tools\WebStorm 2018.3\bin;D:\tools\Microsoft VS Code\bin;C:\Program Files\nodejs\node_global;C:\Users\lenovo\AppData\Local\GitHubDesktop\bin;C:\Users\lenovo\AppData\Local\Yarn\.bin;.]
2020-03-10 22:57:36.465 [main] INFO  o.a.c.c.C.[Tomcat].[localhost].[/jeecg-boot]:173 - Initializing Spring embedded WebApplicationContext
2020-03-10 22:57:36.466 [main] INFO  org.springframework.web.context.ContextLoader:296 - Root WebApplicationContext: initialization completed in 4887 ms
2020-03-10 22:57:36.964 [main] INFO  c.b.dynamic.datasource.DynamicDataSourceCreator:113 - 动态数据源-检测到druid存在,如配置中未指定type,druid会默认配置
2020-03-10 22:57:37.274 [main] INFO  com.alibaba.druid.pool.DruidDataSource:1003 - {dataSource-1,master} inited
2020-03-10 22:57:37.275 [main] INFO  c.b.dynamic.datasource.DynamicRoutingDataSource:203 - 初始共加载 1 个数据源
2020-03-10 22:57:37.276 [main] INFO  c.b.dynamic.datasource.DynamicRoutingDataSource:142 - 动态数据源-加载 master 成功
2020-03-10 22:57:37.276 [main] INFO  c.b.dynamic.datasource.DynamicRoutingDataSource:212 - 当前的默认数据源是单数据源，数据源名为 master
2020-03-10 22:57:42.191 [main] INFO  org.quartz.impl.StdSchedulerFactory:1208 - Using default implementation for ThreadExecutor
2020-03-10 22:57:42.205 [main] INFO  org.quartz.core.SchedulerSignalerImpl:61 - Initialized Scheduler Signaller of type: class org.quartz.core.SchedulerSignalerImpl
2020-03-10 22:57:42.205 [main] INFO  org.quartz.core.QuartzScheduler:229 - Quartz Scheduler v.2.3.0 created.
2020-03-10 22:57:42.209 [main] INFO  o.s.scheduling.quartz.LocalDataSourceJobStore:672 - Using db table-based data access locking (synchronization).
2020-03-10 22:57:42.212 [main] INFO  o.s.scheduling.quartz.LocalDataSourceJobStore:145 - JobStoreCMT initialized.
2020-03-10 22:57:42.213 [main] INFO  org.quartz.core.QuartzScheduler:294 - Scheduler meta-data: Quartz Scheduler (v2.3.0) 'quartzScheduler' with instanceId 'NON_CLUSTERED'
  Scheduler class: 'org.quartz.core.QuartzScheduler' - running locally.
  NOT STARTED.
  Currently in standby mode.
  Number of jobs executed: 0
  Using thread pool 'org.quartz.simpl.SimpleThreadPool' - with 10 threads.
  Using job-store 'org.springframework.scheduling.quartz.LocalDataSourceJobStore' - which supports persistence. and is not clustered.

2020-03-10 22:57:42.213 [main] INFO  org.quartz.impl.StdSchedulerFactory:1362 - Quartz scheduler 'quartzScheduler' initialized from an externally provided properties instance.
2020-03-10 22:57:42.213 [main] INFO  org.quartz.impl.StdSchedulerFactory:1366 - Quartz scheduler version: 2.3.0
2020-03-10 22:57:42.214 [main] INFO  org.quartz.core.QuartzScheduler:2287 - JobFactory set to: org.springframework.scheduling.quartz.SpringBeanJobFactory@378c48c1
2020-03-10 22:57:46.039 [main] INFO  o.s.b.actuate.endpoint.web.EndpointLinksResolver:59 - Exposing 2 endpoint(s) beneath base path '/actuator'
2020-03-10 22:57:46.302 [main] INFO  s.d.s.w.PropertySourcedRequestMappingHandlerMapping:69 - Mapped URL path [/v2/api-docs] onto method [public org.springframework.http.ResponseEntity<springfox.documentation.spring.web.json.Json> springfox.documentation.swagger2.web.Swagger2Controller.getDocumentation(java.lang.String,javax.servlet.http.HttpServletRequest)]
2020-03-10 22:57:46.707 [main] INFO  o.s.scheduling.concurrent.ThreadPoolTaskExecutor:171 - Initializing ExecutorService 'applicationTaskExecutor'
2020-03-10 22:57:47.636 [main] INFO  s.d.s.web.plugins.DocumentationPluginsBootstrapper:160 - Context refreshed
2020-03-10 22:57:47.658 [main] INFO  s.d.s.web.plugins.DocumentationPluginsBootstrapper:163 - Found 1 custom documentation plugin(s)
2020-03-10 22:57:47.714 [main] INFO  s.d.spring.web.scanners.ApiListingReferenceScanner:41 - Scanning for api listing references
2020-03-10 22:57:47.956 [main] INFO  s.d.s.w.r.operation.CachingOperationNameGenerator:40 - Generating unique operation named: addUsingPOST_1
2020-03-10 22:57:47.960 [main] INFO  s.d.s.w.r.operation.CachingOperationNameGenerator:40 - Generating unique operation named: deleteUsingDELETE_1
2020-03-10 22:57:47.963 [main] INFO  s.d.s.w.r.operation.CachingOperationNameGenerator:40 - Generating unique operation named: deleteBatchUsingDELETE_1
2020-03-10 22:57:47.965 [main] INFO  s.d.s.w.r.operation.CachingOperationNameGenerator:40 - Generating unique operation named: editUsingPUT_1
2020-03-10 22:57:47.969 [main] INFO  s.d.s.w.r.operation.CachingOperationNameGenerator:40 - Generating unique operation named: queryByIdUsingGET_1
2020-03-10 22:57:47.994 [main] INFO  o.s.scheduling.quartz.SchedulerFactoryBean:726 - Starting Quartz Scheduler now
2020-03-10 22:57:48.153 [main] INFO  o.s.scheduling.quartz.LocalDataSourceJobStore:866 - Freed 0 triggers from 'acquired' / 'blocked' state.
2020-03-10 22:57:48.168 [main] INFO  o.s.scheduling.quartz.LocalDataSourceJobStore:876 - Recovering 0 jobs that were in-progress at the time of the last shut-down.
2020-03-10 22:57:48.168 [main] INFO  o.s.scheduling.quartz.LocalDataSourceJobStore:889 - Recovery complete.
2020-03-10 22:57:48.173 [main] INFO  o.s.scheduling.quartz.LocalDataSourceJobStore:896 - Removed 0 'complete' triggers.
2020-03-10 22:57:48.176 [main] INFO  o.s.scheduling.quartz.LocalDataSourceJobStore:901 - Removed 0 stale fired job entries.
2020-03-10 22:57:48.181 [main] INFO  org.quartz.core.QuartzScheduler:547 - Scheduler quartzScheduler_$_NON_CLUSTERED started.
2020-03-10 22:57:48.208 [main] INFO  org.apache.coyote.http11.Http11NioProtocol:173 - Starting ProtocolHandler ["http-nio-8080"]
2020-03-10 22:57:48.243 [main] INFO  o.s.boot.web.embedded.tomcat.TomcatWebServer:204 - Tomcat started on port(s): 8080 (http) with context path '/jeecg-boot'
2020-03-10 22:57:48.245 [main] INFO  org.jeecg.JeecgApplication:59 - Started JeecgApplication in 18.407 seconds (JVM running for 20.488)
2020-03-10 22:57:49.586 [RMI TCP Connection(5)-169.254.234.235] INFO  o.a.c.c.C.[Tomcat].[localhost].[/jeecg-boot]:173 - Initializing Spring DispatcherServlet 'dispatcherServlet'
2020-03-10 22:57:49.587 [RMI TCP Connection(5)-169.254.234.235] INFO  org.springframework.web.servlet.DispatcherServlet:524 - Initializing Servlet 'dispatcherServlet'
2020-03-10 22:57:49.608 [RMI TCP Connection(5)-169.254.234.235] INFO  org.springframework.web.servlet.DispatcherServlet:546 - Completed initialization in 21 ms
2020-03-10 22:57:49.801 [RMI TCP Connection(4)-169.254.234.235] INFO  io.lettuce.core.EpollProvider:68 - Starting without optional epoll library
2020-03-10 22:57:49.806 [RMI TCP Connection(4)-169.254.234.235] INFO  io.lettuce.core.KqueueProvider:70 - Starting without optional kqueue library
2020-03-10 22:58:44.313 [http-nio-8080-exec-2] DEBUG o.j.m.system.mapper.SysUserMapper.getUserByName:143 - ==>  Preparing: select * from sys_user where username = ? and del_flag = '0' 
2020-03-10 22:58:44.344 [http-nio-8080-exec-2] DEBUG o.j.m.system.mapper.SysUserMapper.getUserByName:143 - ==> Parameters: admin(String)
2020-03-10 22:58:44.382 [http-nio-8080-exec-2] DEBUG o.j.m.system.mapper.SysUserMapper.getUserByName:143 - <==      Total: 1
2020-03-10 22:58:44.490 [http-nio-8080-exec-2] DEBUG o.j.m.s.mapper.SysDepartMapper.queryUserDeparts:143 - ==>  Preparing: select * from sys_depart where id IN ( select dep_id from sys_user_depart where user_id = ? ) 
2020-03-10 22:58:44.493 [http-nio-8080-exec-2] DEBUG o.j.m.s.mapper.SysDepartMapper.queryUserDeparts:143 - ==> Parameters: e9ca23d68d884d4ebb19d07889727dae(String)
2020-03-10 22:58:44.521 [http-nio-8080-exec-2] DEBUG o.j.m.s.mapper.SysDepartMapper.queryUserDeparts:143 - <==      Total: 1
2020-03-10 22:58:44.525 [http-nio-8080-exec-2] DEBUG o.j.m.system.mapper.SysUserMapper.updateUserDepart:143 - ==>  Preparing: UPDATE sys_user SET org_code = ? where username = ? 
2020-03-10 22:58:44.527 [http-nio-8080-exec-2] DEBUG o.j.m.system.mapper.SysUserMapper.updateUserDepart:143 - ==> Parameters: A01(String), admin(String)
2020-03-10 22:58:44.604 [http-nio-8080-exec-2] DEBUG o.j.m.system.mapper.SysUserMapper.updateUserDepart:143 - <==    Updates: 1
2020-03-10 22:58:45.133 [http-nio-8080-exec-2] DEBUG o.jeecg.modules.system.mapper.SysLogMapper.insert:143 - ==>  Preparing: INSERT INTO sys_log ( id, create_by, create_time, ip, log_content, log_type ) VALUES ( ?, ?, ?, ?, ?, ? ) 
2020-03-10 22:58:45.140 [http-nio-8080-exec-2] DEBUG o.jeecg.modules.system.mapper.SysLogMapper.insert:143 - ==> Parameters: 1237392453170581505(String), jeecg(String), 2020-03-10 22:58:44.639(Timestamp), 192.168.101.8(String), 用户名: admin,登录成功！(String), 1(Integer)
2020-03-10 22:58:45.154 [http-nio-8080-exec-2] DEBUG o.jeecg.modules.system.mapper.SysLogMapper.insert:143 - <==    Updates: 1
2020-03-10 22:58:45.410 [http-nio-8080-exec-3] INFO  org.jeecg.modules.shiro.authc.ShiroRealm:118 - ———校验token是否有效————checkUserTokenIsEffect——————— eyJ0eXAiOiJKV1QiLCJhbGciOiJIUzI1NiJ9.eyJleHAiOjE1ODM4NTQxMjQsInVzZXJuYW1lIjoiYWRtaW4ifQ.8CkGo2F-ScySsJgwlZ0uSJmu2QsYWIWZs92LPb1kuTU
2020-03-10 22:58:45.431 [http-nio-8080-exec-3] DEBUG o.j.m.system.mapper.SysUserMapper.getUserByName:143 - ==>  Preparing: select * from sys_user where username = ? and del_flag = '0' 
2020-03-10 22:58:45.431 [http-nio-8080-exec-3] DEBUG o.j.m.system.mapper.SysUserMapper.getUserByName:143 - ==> Parameters: admin(String)
2020-03-10 22:58:45.435 [http-nio-8080-exec-3] DEBUG o.j.m.system.mapper.SysUserMapper.getUserByName:143 - <==      Total: 1
2020-03-10 22:58:45.515 [http-nio-8080-exec-3] INFO  o.j.m.system.controller.SysPermissionController:182 -  ------ 通过令牌获取用户拥有的访问菜单 ---- TOKEN ------ eyJ0eXAiOiJKV1QiLCJhbGciOiJIUzI1NiJ9.eyJleHAiOjE1ODM4NTQxMjQsInVzZXJuYW1lIjoiYWRtaW4ifQ.8CkGo2F-ScySsJgwlZ0uSJmu2QsYWIWZs92LPb1kuTU
2020-03-10 22:58:45.528 [http-nio-8080-exec-3] DEBUG o.j.m.s.mapper.SysPermissionMapper.queryByUser:143 - ==>  Preparing: SELECT p.* FROM sys_permission p WHERE exists( select a.id from sys_role_permission a join sys_role b on a.role_id = b.id join sys_user_role c on c.role_id = b.id join sys_user d on d.id = c.user_id where p.id = a.permission_id AND d.username = ? ) and p.del_flag = 0 order by p.sort_no ASC 
2020-03-10 22:58:45.533 [http-nio-8080-exec-3] DEBUG o.j.m.s.mapper.SysPermissionMapper.queryByUser:143 - ==> Parameters: admin(String)
2020-03-10 22:58:45.631 [http-nio-8080-exec-3] DEBUG o.j.m.s.mapper.SysPermissionMapper.queryByUser:143 - <==      Total: 97
2020-03-10 22:58:45.690 [http-nio-8080-exec-3] DEBUG o.j.m.system.mapper.SysPermissionMapper.selectList:143 - ==>  Preparing: SELECT id,parent_id,name,perms,perms_type,icon,component,component_name,url,redirect,sort_no,menu_type,is_leaf AS leaf,is_route AS route,keep_alive,description,create_by,del_flag,rule_flag,hidden,create_time,update_by,update_time,status,always_show,internal_or_external FROM sys_permission WHERE del_flag = ? AND menu_type = ? 
2020-03-10 22:58:45.693 [http-nio-8080-exec-3] DEBUG o.j.m.system.mapper.SysPermissionMapper.selectList:143 - ==> Parameters: 0(Integer), 2(Integer)
2020-03-10 22:58:45.698 [http-nio-8080-exec-3] DEBUG o.j.m.system.mapper.SysPermissionMapper.selectList:143 - <==      Total: 3
2020-03-10 22:58:48.510 [http-nio-8080-exec-4] INFO  org.jeecg.modules.message.websocket.WebSocket:37 - 【websocket消息】有新的连接，总数为:1
2020-03-10 22:58:48.640 [http-nio-8080-exec-5] ERROR o.jeecg.common.system.controller.CommonController:119 - 预览图片失败D:\upFiles\user\20190119\logo-2_1547868176839.png (系统找不到指定的路径。)
2020-03-10 22:58:48.997 [http-nio-8080-exec-6] INFO  org.jeecg.modules.shiro.authc.ShiroRealm:118 - ———校验token是否有效————checkUserTokenIsEffect——————— eyJ0eXAiOiJKV1QiLCJhbGciOiJIUzI1NiJ9.eyJleHAiOjE1ODM4NTQxMjQsInVzZXJuYW1lIjoiYWRtaW4ifQ.8CkGo2F-ScySsJgwlZ0uSJmu2QsYWIWZs92LPb1kuTU
2020-03-10 22:58:49.018 [http-nio-8080-exec-8] INFO  org.jeecg.modules.shiro.authc.ShiroRealm:118 - ———校验token是否有效————checkUserTokenIsEffect——————— eyJ0eXAiOiJKV1QiLCJhbGciOiJIUzI1NiJ9.eyJleHAiOjE1ODM4NTQxMjQsInVzZXJuYW1lIjoiYWRtaW4ifQ.8CkGo2F-ScySsJgwlZ0uSJmu2QsYWIWZs92LPb1kuTU
2020-03-10 22:58:49.020 [http-nio-8080-exec-7] INFO  org.jeecg.modules.shiro.authc.ShiroRealm:118 - ———校验token是否有效————checkUserTokenIsEffect——————— eyJ0eXAiOiJKV1QiLCJhbGciOiJIUzI1NiJ9.eyJleHAiOjE1ODM4NTQxMjQsInVzZXJuYW1lIjoiYWRtaW4ifQ.8CkGo2F-ScySsJgwlZ0uSJmu2QsYWIWZs92LPb1kuTU
2020-03-10 22:58:49.074 [http-nio-8080-exec-6] DEBUG o.j.m.s.mapper.SysLogMapper.findTotalVisitCount:143 - ==>  Preparing: select count(1) from sys_log where log_type = 1 
2020-03-10 22:58:49.078 [http-nio-8080-exec-6] DEBUG o.j.m.s.mapper.SysLogMapper.findTotalVisitCount:143 - ==> Parameters: 
2020-03-10 22:58:49.083 [http-nio-8080-exec-6] DEBUG o.j.m.s.mapper.SysLogMapper.findTotalVisitCount:143 - <==      Total: 1
2020-03-10 22:58:49.086 [http-nio-8080-exec-7] DEBUG o.j.m.system.mapper.SysLogMapper.findVisitCount:143 - ==>  Preparing: select count(*) as visit ,count(distinct(ip)) as ip ,DATE_FORMAT(create_time, '%Y-%m-%d') as tian ,DATE_FORMAT(create_time, '%m-%d') as type from sys_log where log_type = 1 and create_time >= ? and create_time < ? group by tian,type order by tian asc 
2020-03-10 22:58:49.086 [http-nio-8080-exec-6] DEBUG o.j.m.s.mapper.SysLogMapper.findTodayVisitCount:143 - ==>  Preparing: select count(1) from sys_log where log_type = 1 and create_time >= ? and create_time < ? 
2020-03-10 22:58:49.088 [http-nio-8080-exec-6] DEBUG o.j.m.s.mapper.SysLogMapper.findTodayVisitCount:143 - ==> Parameters: 2020-03-10 00:00:00.0(Timestamp), 2020-03-11 00:00:00.0(Timestamp)
2020-03-10 22:58:49.092 [http-nio-8080-exec-7] DEBUG o.j.m.system.mapper.SysLogMapper.findVisitCount:143 - ==> Parameters: 2020-03-04 00:00:00.0(Timestamp), 2020-03-11 00:00:00.0(Timestamp)
2020-03-10 22:58:49.094 [http-nio-8080-exec-6] DEBUG o.j.m.s.mapper.SysLogMapper.findTodayVisitCount:143 - <==      Total: 1
2020-03-10 22:58:49.096 [http-nio-8080-exec-6] DEBUG o.j.modules.system.mapper.SysLogMapper.findTodayIp:143 - ==>  Preparing: select count(distinct(ip)) from sys_log where log_type = 1 and create_time >= ? and create_time < ? 
2020-03-10 22:58:49.098 [http-nio-8080-exec-6] DEBUG o.j.modules.system.mapper.SysLogMapper.findTodayIp:143 - ==> Parameters: 2020-03-10 00:00:00.0(Timestamp), 2020-03-11 00:00:00.0(Timestamp)
2020-03-10 22:58:49.104 [http-nio-8080-exec-6] DEBUG o.j.modules.system.mapper.SysLogMapper.findTodayIp:143 - <==      Total: 1
2020-03-10 22:58:49.108 [http-nio-8080-exec-7] DEBUG o.j.m.system.mapper.SysLogMapper.findVisitCount:143 - <==      Total: 1
2020-03-10 22:58:49.122 [http-nio-8080-exec-8] DEBUG o.j.m.s.m.SysAnnouncementSendMapper.queryByUserId:143 - ==>  Preparing: select sas.annt_id from sys_announcement_send sas where sas.user_id = ? 
2020-03-10 22:58:49.124 [http-nio-8080-exec-8] DEBUG o.j.m.s.m.SysAnnouncementSendMapper.queryByUserId:143 - ==> Parameters: e9ca23d68d884d4ebb19d07889727dae(String)
2020-03-10 22:58:49.146 [http-nio-8080-exec-8] DEBUG o.j.m.s.m.SysAnnouncementSendMapper.queryByUserId:143 - <==      Total: 1
2020-03-10 22:58:49.173 [http-nio-8080-exec-8] DEBUG o.j.m.s.mapper.SysAnnouncementMapper.selectList:143 - ==>  Preparing: SELECT id,titile,msg_content,start_time,end_time,sender,priority,msg_category,msg_type,send_status,send_time,cancel_time,del_flag,create_by,create_time,update_by,update_time,user_ids FROM sys_announcement WHERE msg_type = ? AND del_flag = ? AND send_status = ? AND end_time >= ? AND id NOT IN (?) 
2020-03-10 22:58:49.178 [http-nio-8080-exec-8] DEBUG o.j.m.s.mapper.SysAnnouncementMapper.selectList:143 - ==> Parameters: ALL(String), 0(String), 1(String), 2038-06-21 17:54:10.0(Timestamp), 93a9060a1c20e4bf98b3f768a02c2ff9(String)
2020-03-10 22:58:49.188 [http-nio-8080-exec-8] DEBUG o.j.m.s.mapper.SysAnnouncementMapper.selectList:143 - <==      Total: 0
2020-03-10 22:58:49.261 [http-nio-8080-exec-8] DEBUG o.j.m.s.m.S.querySysCementListByUserId:143 - ==>  Preparing: SELECT COUNT(1) FROM sys_announcement WHERE send_status = '1' AND del_flag = '0' AND msg_category = ? AND id IN (SELECT annt_id FROM sys_announcement_send WHERE user_id = ? AND read_flag = '0') 
2020-03-10 22:58:49.266 [http-nio-8080-exec-8] DEBUG o.j.m.s.m.S.querySysCementListByUserId:143 - ==> Parameters: 1(String), e9ca23d68d884d4ebb19d07889727dae(String)
2020-03-10 22:58:49.277 [http-nio-8080-exec-8] DEBUG o.j.m.s.m.S.querySysCementListByUserId:143 - ==>  Preparing: SELECT COUNT(1) FROM sys_announcement WHERE send_status = '1' AND del_flag = '0' AND msg_category = ? AND id IN (SELECT annt_id FROM sys_announcement_send WHERE user_id = ? AND read_flag = '0') 
2020-03-10 22:58:49.278 [http-nio-8080-exec-8] DEBUG o.j.m.s.m.S.querySysCementListByUserId:143 - ==> Parameters: 2(String), e9ca23d68d884d4ebb19d07889727dae(String)
2020-03-10 22:58:49.292 [http-nio-8080-exec-8] DEBUG o.j.m.s.m.S.querySysCementListByUserId:143 - ==>  Preparing: select * from sys_announcement where send_status = '1' and del_flag = '0' and msg_category = ? and id IN ( select annt_id from sys_announcement_send where user_id = ? and read_flag = '0') LIMIT ?,? 
2020-03-10 22:58:49.297 [http-nio-8080-exec-8] DEBUG o.j.m.s.m.S.querySysCementListByUserId:143 - ==> Parameters: 2(String), e9ca23d68d884d4ebb19d07889727dae(String), 0(Long), 5(Long)
2020-03-10 22:58:49.304 [http-nio-8080-exec-8] DEBUG o.j.m.s.m.S.querySysCementListByUserId:143 - <==      Total: 1
2020-03-10 22:59:11.737 [http-nio-8080-exec-1] INFO  org.jeecg.modules.shiro.authc.ShiroRealm:118 - ———校验token是否有效————checkUserTokenIsEffect——————— eyJ0eXAiOiJKV1QiLCJhbGciOiJIUzI1NiJ9.eyJleHAiOjE1ODM4NTQxMjQsInVzZXJuYW1lIjoiYWRtaW4ifQ.8CkGo2F-ScySsJgwlZ0uSJmu2QsYWIWZs92LPb1kuTU
2020-03-10 22:59:11.894 [http-nio-8080-exec-1] DEBUG o.j.modules.system.mapper.SysUserMapper.selectPage:143 - ==>  Preparing: SELECT COUNT(1) FROM sys_user WHERE del_flag = '0' 
2020-03-10 22:59:11.901 [http-nio-8080-exec-1] DEBUG o.j.modules.system.mapper.SysUserMapper.selectPage:143 - ==> Parameters: 
2020-03-10 22:59:11.916 [http-nio-8080-exec-1] DEBUG o.j.modules.system.mapper.SysUserMapper.selectPage:143 - ==>  Preparing: SELECT id,username,realname,password,salt,avatar,birthday,sex,email,phone,org_code,status,del_flag,work_no,post,telephone,create_by,create_time,update_by,update_time,activiti_sync FROM sys_user WHERE del_flag='0' ORDER BY create_time DESC LIMIT ?,? 
2020-03-10 22:59:11.919 [http-nio-8080-exec-1] DEBUG o.j.modules.system.mapper.SysUserMapper.selectPage:143 - ==> Parameters: 0(Long), 10(Long)
2020-03-10 22:59:11.928 [http-nio-8080-exec-1] DEBUG o.j.modules.system.mapper.SysUserMapper.selectPage:143 - <==      Total: 4
2020-03-10 22:59:12.015 [http-nio-8080-exec-1] INFO  o.j.modules.system.service.impl.SysDictServiceImpl:65 - 无缓存dictText的时候调用这里！
2020-03-10 22:59:12.018 [http-nio-8080-exec-1] DEBUG o.j.m.s.mapper.SysDictMapper.queryDictTextByKey:143 - ==>  Preparing: select s.item_text from sys_dict_item s where s.dict_id = (select id from sys_dict where dict_code = ?) and s.item_value = ? 
2020-03-10 22:59:12.024 [http-nio-8080-exec-1] DEBUG o.j.m.s.mapper.SysDictMapper.queryDictTextByKey:143 - ==> Parameters: sex(String), 1(String)
2020-03-10 22:59:12.076 [http-nio-8080-exec-1] DEBUG o.j.m.s.mapper.SysDictMapper.queryDictTextByKey:143 - <==      Total: 1
2020-03-10 22:59:12.097 [http-nio-8080-exec-1] INFO  o.j.modules.system.service.impl.SysDictServiceImpl:65 - 无缓存dictText的时候调用这里！
2020-03-10 22:59:12.100 [http-nio-8080-exec-1] DEBUG o.j.m.s.mapper.SysDictMapper.queryDictTextByKey:143 - ==>  Preparing: select s.item_text from sys_dict_item s where s.dict_id = (select id from sys_dict where dict_code = ?) and s.item_value = ? 
2020-03-10 22:59:12.101 [http-nio-8080-exec-1] DEBUG o.j.m.s.mapper.SysDictMapper.queryDictTextByKey:143 - ==> Parameters: user_status(String), 1(String)
2020-03-10 22:59:12.105 [http-nio-8080-exec-1] DEBUG o.j.m.s.mapper.SysDictMapper.queryDictTextByKey:143 - <==      Total: 1
2020-03-10 22:59:12.147 [http-nio-8080-exec-1] INFO  o.j.modules.system.service.impl.SysDictServiceImpl:65 - 无缓存dictText的时候调用这里！
2020-03-10 22:59:12.149 [http-nio-8080-exec-1] DEBUG o.j.m.s.mapper.SysDictMapper.queryDictTextByKey:143 - ==>  Preparing: select s.item_text from sys_dict_item s where s.dict_id = (select id from sys_dict where dict_code = ?) and s.item_value = ? 
2020-03-10 22:59:12.149 [http-nio-8080-exec-1] DEBUG o.j.m.s.mapper.SysDictMapper.queryDictTextByKey:143 - ==> Parameters: sex(String), 2(String)
2020-03-10 22:59:12.152 [http-nio-8080-exec-1] DEBUG o.j.m.s.mapper.SysDictMapper.queryDictTextByKey:143 - <==      Total: 1
2020-03-10 22:59:12.341 [http-nio-8080-exec-2] ERROR o.jeecg.common.system.controller.CommonController:119 - 预览图片失败D:\upFiles\user\20190401\20180607175028Fn1Lq7zw_1554118444672.png (系统找不到指定的路径。)
2020-03-10 22:59:12.345 [http-nio-8080-exec-3] ERROR o.jeecg.common.system.controller.CommonController:119 - 预览图片失败D:\upFiles\user\20190119\logo-2_1547868176839.png (系统找不到指定的路径。)
2020-03-10 22:59:12.356 [http-nio-8080-exec-4] ERROR o.jeecg.common.system.controller.CommonController:119 - 预览图片失败D:\upFiles\user\20190220\e1fe9925bc315c60addea1b98eb1cb1349547719_1550656892940.jpg (系统找不到指定的路径。)
2020-03-10 22:59:12.363 [http-nio-8080-exec-5] ERROR o.jeecg.common.system.controller.CommonController:119 - 预览图片失败D:\upFiles\user\20190314\ly-plate-e_1552531617500.png (系统找不到指定的路径。)
2020-03-10 22:59:51.067 [http-nio-8080-exec-3] ERROR org.apache.tomcat.websocket.pojo.PojoEndpointBase:175 - No error handling configured for [org.jeecg.modules.message.websocket.WebSocket] and the following error occurred
java.io.EOFException: null
	at org.apache.tomcat.util.net.NioEndpoint$NioSocketWrapper.fillReadBuffer(NioEndpoint.java:1206)
	at org.apache.tomcat.util.net.NioEndpoint$NioSocketWrapper.read(NioEndpoint.java:1140)
	at org.apache.tomcat.websocket.server.WsFrameServer.onDataAvailable(WsFrameServer.java:72)
	at org.apache.tomcat.websocket.server.WsFrameServer.doOnDataAvailable(WsFrameServer.java:171)
	at org.apache.tomcat.websocket.server.WsFrameServer.notifyDataAvailable(WsFrameServer.java:151)
	at org.apache.tomcat.websocket.server.WsHttpUpgradeHandler.upgradeDispatch(WsHttpUpgradeHandler.java:148)
	at org.apache.coyote.http11.upgrade.UpgradeProcessorInternal.dispatch(UpgradeProcessorInternal.java:54)
	at org.apache.coyote.AbstractProcessorLight.process(AbstractProcessorLight.java:53)
	at org.apache.coyote.AbstractProtocol$ConnectionHandler.process(AbstractProtocol.java:834)
	at org.apache.tomcat.util.net.NioEndpoint$SocketProcessor.doRun(NioEndpoint.java:1415)
	at org.apache.tomcat.util.net.SocketProcessorBase.run(SocketProcessorBase.java:49)
	at java.util.concurrent.ThreadPoolExecutor.runWorker(ThreadPoolExecutor.java:1142)
	at java.util.concurrent.ThreadPoolExecutor$Worker.run(ThreadPoolExecutor.java:617)
	at org.apache.tomcat.util.threads.TaskThread$WrappingRunnable.run(TaskThread.java:61)
	at java.lang.Thread.run(Thread.java:745)
2020-03-10 22:59:51.069 [http-nio-8080-exec-3] INFO  org.jeecg.modules.message.websocket.WebSocket:46 - 【websocket消息】连接断开，总数为:0
2020-03-11 10:26:07.631 [http-nio-8080-exec-5] INFO  org.jeecg.modules.message.websocket.WebSocket:37 - 【websocket消息】有新的连接，总数为:1
2020-03-11 10:26:39.776 [http-nio-8080-exec-8] INFO  org.jeecg.modules.shiro.authc.ShiroRealm:118 - ———校验token是否有效————checkUserTokenIsEffect——————— eyJ0eXAiOiJKV1QiLCJhbGciOiJIUzI1NiJ9.eyJleHAiOjE1ODM4NTQxMjQsInVzZXJuYW1lIjoiYWRtaW4ifQ.8CkGo2F-ScySsJgwlZ0uSJmu2QsYWIWZs92LPb1kuTU
2020-03-11 10:26:39.780 [http-nio-8080-exec-10] INFO  org.jeecg.modules.shiro.authc.ShiroRealm:118 - ———校验token是否有效————checkUserTokenIsEffect——————— eyJ0eXAiOiJKV1QiLCJhbGciOiJIUzI1NiJ9.eyJleHAiOjE1ODM4NTQxMjQsInVzZXJuYW1lIjoiYWRtaW4ifQ.8CkGo2F-ScySsJgwlZ0uSJmu2QsYWIWZs92LPb1kuTU
2020-03-11 10:26:39.816 [http-nio-8080-exec-8] DEBUG o.j.m.system.mapper.SysUserMapper.getUserByName:143 - ==>  Preparing: select * from sys_user where username = ? and del_flag = '0' 
2020-03-11 10:26:39.819 [http-nio-8080-exec-8] DEBUG o.j.m.system.mapper.SysUserMapper.getUserByName:143 - ==> Parameters: admin(String)
2020-03-11 10:26:39.826 [http-nio-8080-exec-8] DEBUG o.j.m.system.mapper.SysUserMapper.getUserByName:143 - <==      Total: 1
2020-03-11 10:26:39.833 [http-nio-8080-exec-10] DEBUG o.j.m.system.mapper.SysUserMapper.getUserByName:143 - ==>  Preparing: select * from sys_user where username = ? and del_flag = '0' 
2020-03-11 10:26:39.839 [http-nio-8080-exec-10] DEBUG o.j.m.system.mapper.SysUserMapper.getUserByName:143 - ==> Parameters: admin(String)
2020-03-11 10:26:39.853 [http-nio-8080-exec-10] DEBUG o.j.m.system.mapper.SysUserMapper.getUserByName:143 - <==      Total: 1
2020-03-11 10:26:39.853 [http-nio-8080-exec-8] ERROR o.a.c.c.C.[.[.[/jeecg-boot].[dispatcherServlet]:175 - Servlet.service() for servlet [dispatcherServlet] in context with path [/jeecg-boot] threw exception [org.apache.shiro.authc.AuthenticationException: Token失效，请重新登录] with root cause
org.apache.shiro.authc.AuthenticationException: Token失效，请重新登录!
	at org.jeecg.modules.shiro.authc.ShiroRealm.checkUserTokenIsEffect(ShiroRealm.java:129)
	at org.jeecg.modules.shiro.authc.ShiroRealm.doGetAuthenticationInfo(ShiroRealm.java:101)
	at org.apache.shiro.realm.AuthenticatingRealm.getAuthenticationInfo(AuthenticatingRealm.java:571)
	at org.apache.shiro.authc.pam.ModularRealmAuthenticator.doSingleRealmAuthentication(ModularRealmAuthenticator.java:180)
	at org.apache.shiro.authc.pam.ModularRealmAuthenticator.doAuthenticate(ModularRealmAuthenticator.java:267)
	at org.apache.shiro.authc.AbstractAuthenticator.authenticate(AbstractAuthenticator.java:198)
	at org.apache.shiro.mgt.AuthenticatingSecurityManager.authenticate(AuthenticatingSecurityManager.java:106)
	at org.apache.shiro.mgt.DefaultSecurityManager.login(DefaultSecurityManager.java:274)
	at org.apache.shiro.subject.support.DelegatingSubject.login(DelegatingSubject.java:260)
	at org.jeecg.modules.shiro.authc.aop.JwtFilter.executeLogin(JwtFilter.java:51)
	at org.jeecg.modules.shiro.authc.aop.JwtFilter.isAccessAllowed(JwtFilter.java:34)
	at org.apache.shiro.web.filter.AccessControlFilter.onPreHandle(AccessControlFilter.java:162)
	at org.apache.shiro.web.filter.PathMatchingFilter.isFilterChainContinued(PathMatchingFilter.java:203)
	at org.apache.shiro.web.filter.PathMatchingFilter.preHandle(PathMatchingFilter.java:178)
	at org.jeecg.modules.shiro.authc.aop.JwtFilter.preHandle(JwtFilter.java:71)
	at org.apache.shiro.web.servlet.AdviceFilter.doFilterInternal(AdviceFilter.java:131)
	at org.apache.shiro.web.servlet.OncePerRequestFilter.doFilter(OncePerRequestFilter.java:125)
	at org.apache.shiro.web.servlet.ProxiedFilterChain.doFilter(ProxiedFilterChain.java:66)
	at org.apache.shiro.web.servlet.AbstractShiroFilter.executeChain(AbstractShiroFilter.java:449)
	at org.apache.shiro.web.servlet.AbstractShiroFilter$1.call(AbstractShiroFilter.java:365)
	at org.apache.shiro.subject.support.SubjectCallable.doCall(SubjectCallable.java:90)
	at org.apache.shiro.subject.support.SubjectCallable.call(SubjectCallable.java:83)
	at org.apache.shiro.subject.support.DelegatingSubject.execute(DelegatingSubject.java:387)
	at org.apache.shiro.web.servlet.AbstractShiroFilter.doFilterInternal(AbstractShiroFilter.java:362)
	at org.apache.shiro.web.servlet.OncePerRequestFilter.doFilter(OncePerRequestFilter.java:125)
	at org.apache.catalina.core.ApplicationFilterChain.internalDoFilter(ApplicationFilterChain.java:193)
	at org.apache.catalina.core.ApplicationFilterChain.doFilter(ApplicationFilterChain.java:166)
	at com.alibaba.druid.support.http.WebStatFilter.doFilter(WebStatFilter.java:124)
	at org.apache.catalina.core.ApplicationFilterChain.internalDoFilter(ApplicationFilterChain.java:193)
	at org.apache.catalina.core.ApplicationFilterChain.doFilter(ApplicationFilterChain.java:166)
	at org.springframework.boot.actuate.web.trace.servlet.HttpTraceFilter.doFilterInternal(HttpTraceFilter.java:90)
	at org.springframework.web.filter.OncePerRequestFilter.doFilter(OncePerRequestFilter.java:107)
	at org.apache.catalina.core.ApplicationFilterChain.internalDoFilter(ApplicationFilterChain.java:193)
	at org.apache.catalina.core.ApplicationFilterChain.doFilter(ApplicationFilterChain.java:166)
	at org.springframework.web.filter.RequestContextFilter.doFilterInternal(RequestContextFilter.java:99)
	at org.springframework.web.filter.OncePerRequestFilter.doFilter(OncePerRequestFilter.java:107)
	at org.apache.catalina.core.ApplicationFilterChain.internalDoFilter(ApplicationFilterChain.java:193)
	at org.apache.catalina.core.ApplicationFilterChain.doFilter(ApplicationFilterChain.java:166)
	at org.springframework.web.filter.FormContentFilter.doFilterInternal(FormContentFilter.java:92)
	at org.springframework.web.filter.OncePerRequestFilter.doFilter(OncePerRequestFilter.java:107)
	at org.apache.catalina.core.ApplicationFilterChain.internalDoFilter(ApplicationFilterChain.java:193)
	at org.apache.catalina.core.ApplicationFilterChain.doFilter(ApplicationFilterChain.java:166)
	at org.springframework.web.filter.HiddenHttpMethodFilter.doFilterInternal(HiddenHttpMethodFilter.java:93)
	at org.springframework.web.filter.OncePerRequestFilter.doFilter(OncePerRequestFilter.java:107)
	at org.apache.catalina.core.ApplicationFilterChain.internalDoFilter(ApplicationFilterChain.java:193)
	at org.apache.catalina.core.ApplicationFilterChain.doFilter(ApplicationFilterChain.java:166)
	at org.springframework.boot.actuate.metrics.web.servlet.WebMvcMetricsFilter.filterAndRecordMetrics(WebMvcMetricsFilter.java:117)
	at org.springframework.boot.actuate.metrics.web.servlet.WebMvcMetricsFilter.doFilterInternal(WebMvcMetricsFilter.java:106)
	at org.springframework.web.filter.OncePerRequestFilter.doFilter(OncePerRequestFilter.java:107)
	at org.apache.catalina.core.ApplicationFilterChain.internalDoFilter(ApplicationFilterChain.java:193)
	at org.apache.catalina.core.ApplicationFilterChain.doFilter(ApplicationFilterChain.java:166)
	at org.springframework.web.filter.CharacterEncodingFilter.doFilterInternal(CharacterEncodingFilter.java:200)
	at org.springframework.web.filter.OncePerRequestFilter.doFilter(OncePerRequestFilter.java:107)
	at org.apache.catalina.core.ApplicationFilterChain.internalDoFilter(ApplicationFilterChain.java:193)
	at org.apache.catalina.core.ApplicationFilterChain.doFilter(ApplicationFilterChain.java:166)
	at org.apache.catalina.core.StandardWrapperValve.invoke(StandardWrapperValve.java:200)
	at org.apache.catalina.core.StandardContextValve.invoke(StandardContextValve.java:96)
	at org.apache.catalina.authenticator.AuthenticatorBase.invoke(AuthenticatorBase.java:490)
	at org.apache.catalina.core.StandardHostValve.invoke(StandardHostValve.java:139)
	at org.apache.catalina.valves.ErrorReportValve.invoke(ErrorReportValve.java:92)
	at org.apache.catalina.core.StandardEngineValve.invoke(StandardEngineValve.java:74)
	at org.apache.catalina.connector.CoyoteAdapter.service(CoyoteAdapter.java:343)
	at org.apache.coyote.http11.Http11Processor.service(Http11Processor.java:408)
	at org.apache.coyote.AbstractProcessorLight.process(AbstractProcessorLight.java:66)
	at org.apache.coyote.AbstractProtocol$ConnectionHandler.process(AbstractProtocol.java:834)
	at org.apache.tomcat.util.net.NioEndpoint$SocketProcessor.doRun(NioEndpoint.java:1415)
	at org.apache.tomcat.util.net.SocketProcessorBase.run(SocketProcessorBase.java:49)
	at java.util.concurrent.ThreadPoolExecutor.runWorker(ThreadPoolExecutor.java:1142)
	at java.util.concurrent.ThreadPoolExecutor$Worker.run(ThreadPoolExecutor.java:617)
	at org.apache.tomcat.util.threads.TaskThread$WrappingRunnable.run(TaskThread.java:61)
	at java.lang.Thread.run(Thread.java:745)
2020-03-11 10:26:39.870 [http-nio-8080-exec-10] ERROR o.a.c.c.C.[.[.[/jeecg-boot].[dispatcherServlet]:175 - Servlet.service() for servlet [dispatcherServlet] in context with path [/jeecg-boot] threw exception [org.apache.shiro.authc.AuthenticationException: Token失效，请重新登录] with root cause
org.apache.shiro.authc.AuthenticationException: Token失效，请重新登录!
	at org.jeecg.modules.shiro.authc.ShiroRealm.checkUserTokenIsEffect(ShiroRealm.java:129)
	at org.jeecg.modules.shiro.authc.ShiroRealm.doGetAuthenticationInfo(ShiroRealm.java:101)
	at org.apache.shiro.realm.AuthenticatingRealm.getAuthenticationInfo(AuthenticatingRealm.java:571)
	at org.apache.shiro.authc.pam.ModularRealmAuthenticator.doSingleRealmAuthentication(ModularRealmAuthenticator.java:180)
	at org.apache.shiro.authc.pam.ModularRealmAuthenticator.doAuthenticate(ModularRealmAuthenticator.java:267)
	at org.apache.shiro.authc.AbstractAuthenticator.authenticate(AbstractAuthenticator.java:198)
	at org.apache.shiro.mgt.AuthenticatingSecurityManager.authenticate(AuthenticatingSecurityManager.java:106)
	at org.apache.shiro.mgt.DefaultSecurityManager.login(DefaultSecurityManager.java:274)
	at org.apache.shiro.subject.support.DelegatingSubject.login(DelegatingSubject.java:260)
	at org.jeecg.modules.shiro.authc.aop.JwtFilter.executeLogin(JwtFilter.java:51)
	at org.jeecg.modules.shiro.authc.aop.JwtFilter.isAccessAllowed(JwtFilter.java:34)
	at org.apache.shiro.web.filter.AccessControlFilter.onPreHandle(AccessControlFilter.java:162)
	at org.apache.shiro.web.filter.PathMatchingFilter.isFilterChainContinued(PathMatchingFilter.java:203)
	at org.apache.shiro.web.filter.PathMatchingFilter.preHandle(PathMatchingFilter.java:178)
	at org.jeecg.modules.shiro.authc.aop.JwtFilter.preHandle(JwtFilter.java:71)
	at org.apache.shiro.web.servlet.AdviceFilter.doFilterInternal(AdviceFilter.java:131)
	at org.apache.shiro.web.servlet.OncePerRequestFilter.doFilter(OncePerRequestFilter.java:125)
	at org.apache.shiro.web.servlet.ProxiedFilterChain.doFilter(ProxiedFilterChain.java:66)
	at org.apache.shiro.web.servlet.AbstractShiroFilter.executeChain(AbstractShiroFilter.java:449)
	at org.apache.shiro.web.servlet.AbstractShiroFilter$1.call(AbstractShiroFilter.java:365)
	at org.apache.shiro.subject.support.SubjectCallable.doCall(SubjectCallable.java:90)
	at org.apache.shiro.subject.support.SubjectCallable.call(SubjectCallable.java:83)
	at org.apache.shiro.subject.support.DelegatingSubject.execute(DelegatingSubject.java:387)
	at org.apache.shiro.web.servlet.AbstractShiroFilter.doFilterInternal(AbstractShiroFilter.java:362)
	at org.apache.shiro.web.servlet.OncePerRequestFilter.doFilter(OncePerRequestFilter.java:125)
	at org.apache.catalina.core.ApplicationFilterChain.internalDoFilter(ApplicationFilterChain.java:193)
	at org.apache.catalina.core.ApplicationFilterChain.doFilter(ApplicationFilterChain.java:166)
	at com.alibaba.druid.support.http.WebStatFilter.doFilter(WebStatFilter.java:124)
	at org.apache.catalina.core.ApplicationFilterChain.internalDoFilter(ApplicationFilterChain.java:193)
	at org.apache.catalina.core.ApplicationFilterChain.doFilter(ApplicationFilterChain.java:166)
	at org.springframework.boot.actuate.web.trace.servlet.HttpTraceFilter.doFilterInternal(HttpTraceFilter.java:90)
	at org.springframework.web.filter.OncePerRequestFilter.doFilter(OncePerRequestFilter.java:107)
	at org.apache.catalina.core.ApplicationFilterChain.internalDoFilter(ApplicationFilterChain.java:193)
	at org.apache.catalina.core.ApplicationFilterChain.doFilter(ApplicationFilterChain.java:166)
	at org.springframework.web.filter.RequestContextFilter.doFilterInternal(RequestContextFilter.java:99)
	at org.springframework.web.filter.OncePerRequestFilter.doFilter(OncePerRequestFilter.java:107)
	at org.apache.catalina.core.ApplicationFilterChain.internalDoFilter(ApplicationFilterChain.java:193)
	at org.apache.catalina.core.ApplicationFilterChain.doFilter(ApplicationFilterChain.java:166)
	at org.springframework.web.filter.FormContentFilter.doFilterInternal(FormContentFilter.java:92)
	at org.springframework.web.filter.OncePerRequestFilter.doFilter(OncePerRequestFilter.java:107)
	at org.apache.catalina.core.ApplicationFilterChain.internalDoFilter(ApplicationFilterChain.java:193)
	at org.apache.catalina.core.ApplicationFilterChain.doFilter(ApplicationFilterChain.java:166)
	at org.springframework.web.filter.HiddenHttpMethodFilter.doFilterInternal(HiddenHttpMethodFilter.java:93)
	at org.springframework.web.filter.OncePerRequestFilter.doFilter(OncePerRequestFilter.java:107)
	at org.apache.catalina.core.ApplicationFilterChain.internalDoFilter(ApplicationFilterChain.java:193)
	at org.apache.catalina.core.ApplicationFilterChain.doFilter(ApplicationFilterChain.java:166)
	at org.springframework.boot.actuate.metrics.web.servlet.WebMvcMetricsFilter.filterAndRecordMetrics(WebMvcMetricsFilter.java:117)
	at org.springframework.boot.actuate.metrics.web.servlet.WebMvcMetricsFilter.doFilterInternal(WebMvcMetricsFilter.java:106)
	at org.springframework.web.filter.OncePerRequestFilter.doFilter(OncePerRequestFilter.java:107)
	at org.apache.catalina.core.ApplicationFilterChain.internalDoFilter(ApplicationFilterChain.java:193)
	at org.apache.catalina.core.ApplicationFilterChain.doFilter(ApplicationFilterChain.java:166)
	at org.springframework.web.filter.CharacterEncodingFilter.doFilterInternal(CharacterEncodingFilter.java:200)
	at org.springframework.web.filter.OncePerRequestFilter.doFilter(OncePerRequestFilter.java:107)
	at org.apache.catalina.core.ApplicationFilterChain.internalDoFilter(ApplicationFilterChain.java:193)
	at org.apache.catalina.core.ApplicationFilterChain.doFilter(ApplicationFilterChain.java:166)
	at org.apache.catalina.core.StandardWrapperValve.invoke(StandardWrapperValve.java:200)
	at org.apache.catalina.core.StandardContextValve.invoke(StandardContextValve.java:96)
	at org.apache.catalina.authenticator.AuthenticatorBase.invoke(AuthenticatorBase.java:490)
	at org.apache.catalina.core.StandardHostValve.invoke(StandardHostValve.java:139)
	at org.apache.catalina.valves.ErrorReportValve.invoke(ErrorReportValve.java:92)
	at org.apache.catalina.core.StandardEngineValve.invoke(StandardEngineValve.java:74)
	at org.apache.catalina.connector.CoyoteAdapter.service(CoyoteAdapter.java:343)
	at org.apache.coyote.http11.Http11Processor.service(Http11Processor.java:408)
	at org.apache.coyote.AbstractProcessorLight.process(AbstractProcessorLight.java:66)
	at org.apache.coyote.AbstractProtocol$ConnectionHandler.process(AbstractProtocol.java:834)
	at org.apache.tomcat.util.net.NioEndpoint$SocketProcessor.doRun(NioEndpoint.java:1415)
	at org.apache.tomcat.util.net.SocketProcessorBase.run(SocketProcessorBase.java:49)
	at java.util.concurrent.ThreadPoolExecutor.runWorker(ThreadPoolExecutor.java:1142)
	at java.util.concurrent.ThreadPoolExecutor$Worker.run(ThreadPoolExecutor.java:617)
	at org.apache.tomcat.util.threads.TaskThread$WrappingRunnable.run(TaskThread.java:61)
	at java.lang.Thread.run(Thread.java:745)
2020-03-11 10:26:42.326 [http-nio-8080-exec-1] INFO  org.jeecg.modules.shiro.authc.ShiroRealm:118 - ———校验token是否有效————checkUserTokenIsEffect——————— eyJ0eXAiOiJKV1QiLCJhbGciOiJIUzI1NiJ9.eyJleHAiOjE1ODM4NTQxMjQsInVzZXJuYW1lIjoiYWRtaW4ifQ.8CkGo2F-ScySsJgwlZ0uSJmu2QsYWIWZs92LPb1kuTU
2020-03-11 10:26:44.220 [http-nio-8080-exec-1] ERROR o.a.c.c.C.[.[.[/jeecg-boot].[dispatcherServlet]:175 - Servlet.service() for servlet [dispatcherServlet] in context with path [/jeecg-boot] threw exception [org.apache.shiro.authc.AuthenticationException: Token失效，请重新登录] with root cause
org.apache.shiro.authc.AuthenticationException: Token失效，请重新登录!
	at org.jeecg.modules.shiro.authc.ShiroRealm.checkUserTokenIsEffect(ShiroRealm.java:129)
	at org.jeecg.modules.shiro.authc.ShiroRealm.doGetAuthenticationInfo(ShiroRealm.java:101)
	at org.apache.shiro.realm.AuthenticatingRealm.getAuthenticationInfo(AuthenticatingRealm.java:571)
	at org.apache.shiro.authc.pam.ModularRealmAuthenticator.doSingleRealmAuthentication(ModularRealmAuthenticator.java:180)
	at org.apache.shiro.authc.pam.ModularRealmAuthenticator.doAuthenticate(ModularRealmAuthenticator.java:267)
	at org.apache.shiro.authc.AbstractAuthenticator.authenticate(AbstractAuthenticator.java:198)
	at org.apache.shiro.mgt.AuthenticatingSecurityManager.authenticate(AuthenticatingSecurityManager.java:106)
	at org.apache.shiro.mgt.DefaultSecurityManager.login(DefaultSecurityManager.java:274)
	at org.apache.shiro.subject.support.DelegatingSubject.login(DelegatingSubject.java:260)
	at org.jeecg.modules.shiro.authc.aop.JwtFilter.executeLogin(JwtFilter.java:51)
	at org.jeecg.modules.shiro.authc.aop.JwtFilter.isAccessAllowed(JwtFilter.java:34)
	at org.apache.shiro.web.filter.AccessControlFilter.onPreHandle(AccessControlFilter.java:162)
	at org.apache.shiro.web.filter.PathMatchingFilter.isFilterChainContinued(PathMatchingFilter.java:203)
	at org.apache.shiro.web.filter.PathMatchingFilter.preHandle(PathMatchingFilter.java:178)
	at org.jeecg.modules.shiro.authc.aop.JwtFilter.preHandle(JwtFilter.java:71)
	at org.apache.shiro.web.servlet.AdviceFilter.doFilterInternal(AdviceFilter.java:131)
	at org.apache.shiro.web.servlet.OncePerRequestFilter.doFilter(OncePerRequestFilter.java:125)
	at org.apache.shiro.web.servlet.ProxiedFilterChain.doFilter(ProxiedFilterChain.java:66)
	at org.apache.shiro.web.servlet.AbstractShiroFilter.executeChain(AbstractShiroFilter.java:449)
	at org.apache.shiro.web.servlet.AbstractShiroFilter$1.call(AbstractShiroFilter.java:365)
	at org.apache.shiro.subject.support.SubjectCallable.doCall(SubjectCallable.java:90)
	at org.apache.shiro.subject.support.SubjectCallable.call(SubjectCallable.java:83)
	at org.apache.shiro.subject.support.DelegatingSubject.execute(DelegatingSubject.java:387)
	at org.apache.shiro.web.servlet.AbstractShiroFilter.doFilterInternal(AbstractShiroFilter.java:362)
	at org.apache.shiro.web.servlet.OncePerRequestFilter.doFilter(OncePerRequestFilter.java:125)
	at org.apache.catalina.core.ApplicationFilterChain.internalDoFilter(ApplicationFilterChain.java:193)
	at org.apache.catalina.core.ApplicationFilterChain.doFilter(ApplicationFilterChain.java:166)
	at com.alibaba.druid.support.http.WebStatFilter.doFilter(WebStatFilter.java:124)
	at org.apache.catalina.core.ApplicationFilterChain.internalDoFilter(ApplicationFilterChain.java:193)
	at org.apache.catalina.core.ApplicationFilterChain.doFilter(ApplicationFilterChain.java:166)
	at org.springframework.boot.actuate.web.trace.servlet.HttpTraceFilter.doFilterInternal(HttpTraceFilter.java:90)
	at org.springframework.web.filter.OncePerRequestFilter.doFilter(OncePerRequestFilter.java:107)
	at org.apache.catalina.core.ApplicationFilterChain.internalDoFilter(ApplicationFilterChain.java:193)
	at org.apache.catalina.core.ApplicationFilterChain.doFilter(ApplicationFilterChain.java:166)
	at org.springframework.web.filter.RequestContextFilter.doFilterInternal(RequestContextFilter.java:99)
	at org.springframework.web.filter.OncePerRequestFilter.doFilter(OncePerRequestFilter.java:107)
	at org.apache.catalina.core.ApplicationFilterChain.internalDoFilter(ApplicationFilterChain.java:193)
	at org.apache.catalina.core.ApplicationFilterChain.doFilter(ApplicationFilterChain.java:166)
	at org.springframework.web.filter.FormContentFilter.doFilterInternal(FormContentFilter.java:92)
	at org.springframework.web.filter.OncePerRequestFilter.doFilter(OncePerRequestFilter.java:107)
	at org.apache.catalina.core.ApplicationFilterChain.internalDoFilter(ApplicationFilterChain.java:193)
	at org.apache.catalina.core.ApplicationFilterChain.doFilter(ApplicationFilterChain.java:166)
	at org.springframework.web.filter.HiddenHttpMethodFilter.doFilterInternal(HiddenHttpMethodFilter.java:93)
	at org.springframework.web.filter.OncePerRequestFilter.doFilter(OncePerRequestFilter.java:107)
	at org.apache.catalina.core.ApplicationFilterChain.internalDoFilter(ApplicationFilterChain.java:193)
	at org.apache.catalina.core.ApplicationFilterChain.doFilter(ApplicationFilterChain.java:166)
	at org.springframework.boot.actuate.metrics.web.servlet.WebMvcMetricsFilter.filterAndRecordMetrics(WebMvcMetricsFilter.java:117)
	at org.springframework.boot.actuate.metrics.web.servlet.WebMvcMetricsFilter.doFilterInternal(WebMvcMetricsFilter.java:106)
	at org.springframework.web.filter.OncePerRequestFilter.doFilter(OncePerRequestFilter.java:107)
	at org.apache.catalina.core.ApplicationFilterChain.internalDoFilter(ApplicationFilterChain.java:193)
	at org.apache.catalina.core.ApplicationFilterChain.doFilter(ApplicationFilterChain.java:166)
	at org.springframework.web.filter.CharacterEncodingFilter.doFilterInternal(CharacterEncodingFilter.java:200)
	at org.springframework.web.filter.OncePerRequestFilter.doFilter(OncePerRequestFilter.java:107)
	at org.apache.catalina.core.ApplicationFilterChain.internalDoFilter(ApplicationFilterChain.java:193)
	at org.apache.catalina.core.ApplicationFilterChain.doFilter(ApplicationFilterChain.java:166)
	at org.apache.catalina.core.StandardWrapperValve.invoke(StandardWrapperValve.java:200)
	at org.apache.catalina.core.StandardContextValve.invoke(StandardContextValve.java:96)
	at org.apache.catalina.authenticator.AuthenticatorBase.invoke(AuthenticatorBase.java:490)
	at org.apache.catalina.core.StandardHostValve.invoke(StandardHostValve.java:139)
	at org.apache.catalina.valves.ErrorReportValve.invoke(ErrorReportValve.java:92)
	at org.apache.catalina.core.StandardEngineValve.invoke(StandardEngineValve.java:74)
	at org.apache.catalina.connector.CoyoteAdapter.service(CoyoteAdapter.java:343)
	at org.apache.coyote.http11.Http11Processor.service(Http11Processor.java:408)
	at org.apache.coyote.AbstractProcessorLight.process(AbstractProcessorLight.java:66)
	at org.apache.coyote.AbstractProtocol$ConnectionHandler.process(AbstractProtocol.java:834)
	at org.apache.tomcat.util.net.NioEndpoint$SocketProcessor.doRun(NioEndpoint.java:1415)
	at org.apache.tomcat.util.net.SocketProcessorBase.run(SocketProcessorBase.java:49)
	at java.util.concurrent.ThreadPoolExecutor.runWorker(ThreadPoolExecutor.java:1142)
	at java.util.concurrent.ThreadPoolExecutor$Worker.run(ThreadPoolExecutor.java:617)
	at org.apache.tomcat.util.threads.TaskThread$WrappingRunnable.run(TaskThread.java:61)
	at java.lang.Thread.run(Thread.java:745)
2020-03-11 10:27:15.202 [http-nio-8080-exec-5] DEBUG o.jeecg.modules.system.mapper.SysLogMapper.insert:143 - ==>  Preparing: INSERT INTO sys_log ( id, create_by, create_time, ip, log_content, log_type ) VALUES ( ?, ?, ?, ?, ?, ? ) 
2020-03-11 10:27:15.205 [http-nio-8080-exec-5] DEBUG o.jeecg.modules.system.mapper.SysLogMapper.insert:143 - ==> Parameters: 1237565720107896833(String), jeecg(String), 2020-03-11 10:27:15.201(Timestamp), 192.168.101.8(String), 用户名: 管理员,退出成功！(String), 1(Integer)
2020-03-11 10:27:15.261 [http-nio-8080-exec-5] DEBUG o.jeecg.modules.system.mapper.SysLogMapper.insert:143 - <==    Updates: 1
2020-03-11 10:27:15.262 [http-nio-8080-exec-5] INFO  o.jeecg.modules.system.controller.LoginController:116 -  用户名:  管理员,退出成功！ 
2020-03-11 10:27:21.010 [http-nio-8080-exec-10] INFO  org.jeecg.modules.message.websocket.WebSocket:46 - 【websocket消息】连接断开，总数为:0
